[2016-10-26 17:16:11.255] [WARN] normal - GET /views/static/admin/addArticle/addArticle.css.map?v=f4cca30f34683491b464971ebfda3a3b
[2016-10-26 17:16:11.261] [WARN] normal - GET /views/widget/admin/header/header.css.map?v=a0ee8509f7193451760c2cfb432fd94c
[2016-10-26 17:16:11.263] [WARN] normal - GET /views/widget/admin/header/header.js.map?v=055a7cf91e9b4364bd27
[2016-10-26 17:16:11.266] [WARN] normal - GET /views/widget/admin/asider/asider.css.map?v=8c7d397f1269e17322cff29018e9b8a8
[2016-10-26 17:16:11.268] [WARN] normal - GET /views/widget/admin/asider/asider.js.map?v=055a7cf91e9b4364bd27
[2016-10-26 17:16:11.416] [WARN] normal - GET /views/static/libs/js/sceditor/famfamfam.png?v=e19ba8401a83043d00d442c6d56e47db
[2016-10-26 17:16:11.427] [WARN] normal - GET /static/libs/js/sceditor/jquery.sceditor.default.min.css
[2016-10-26 17:16:11.498] [WARN] normal - GET /views/static/admin/addArticle/addArticle.js.map?v=055a7cf91e9b4364bd27
[2016-10-26 17:16:41.393] [WARN] normal - GET /admin/addArticle
[2016-10-26 17:16:41.496] [WARN] normal - GET /views/static/admin/addArticle/addArticle.css?v=f4cca30f34683491b464971ebfda3a3b
[2016-10-26 17:16:41.497] [WARN] normal - GET /views/widget/admin/asider/asider.css?v=8c7d397f1269e17322cff29018e9b8a8
[2016-10-26 17:16:41.497] [WARN] normal - GET /views/widget/admin/asider/asider.js?v=055a7cf91e9b4364bd27
[2016-10-26 17:16:41.498] [WARN] normal - GET /views/widget/admin/header/header.css?v=a0ee8509f7193451760c2cfb432fd94c
[2016-10-26 17:16:41.498] [WARN] normal - GET /views/widget/admin/header/header.js?v=055a7cf91e9b4364bd27
[2016-10-26 17:16:41.499] [WARN] normal - GET /views/static/admin/addArticle/addArticle.js?v=055a7cf91e9b4364bd27
[2016-10-26 17:16:41.579] [WARN] normal - GET /views/static/libs/css/iconfont/iconfont/iconfont.woff?v=8151e6c44a1192707254ca9de0908dae
[2016-10-26 17:16:41.768] [WARN] normal - GET /views/static/libs/js/sceditor/famfamfam.png?v=e19ba8401a83043d00d442c6d56e47db
[2016-10-26 17:16:41.781] [WARN] normal - GET /static/libs/js/sceditor/jquery.sceditor.default.min.css
[2016-10-26 17:16:41.884] [WARN] normal - GET /admin/addArticle
[2016-10-26 17:16:42.002] [WARN] normal - GET /views/static/admin/addArticle/addArticle.css?v=f4cca30f34683491b464971ebfda3a3b
[2016-10-26 17:16:42.005] [WARN] normal - GET /views/widget/admin/header/header.css?v=a0ee8509f7193451760c2cfb432fd94c
[2016-10-26 17:16:42.005] [WARN] normal - GET /views/widget/admin/header/header.js?v=055a7cf91e9b4364bd27
[2016-10-26 17:16:42.008] [WARN] normal - GET /views/widget/admin/asider/asider.css?v=8c7d397f1269e17322cff29018e9b8a8
[2016-10-26 17:16:42.009] [WARN] normal - GET /views/widget/admin/asider/asider.js?v=055a7cf91e9b4364bd27
[2016-10-26 17:16:42.010] [WARN] normal - GET /views/static/admin/addArticle/addArticle.js?v=055a7cf91e9b4364bd27
[2016-10-26 17:16:42.041] [WARN] normal - GET /views/static/admin/addArticle/addArticle.css.map?v=f4cca30f34683491b464971ebfda3a3b
[2016-10-26 17:16:42.044] [WARN] normal - GET /views/widget/admin/header/header.css.map?v=a0ee8509f7193451760c2cfb432fd94c
[2016-10-26 17:16:42.047] [WARN] normal - GET /views/widget/admin/header/header.js.map?v=055a7cf91e9b4364bd27
[2016-10-26 17:16:42.047] [WARN] normal - GET /views/widget/admin/asider/asider.css.map?v=8c7d397f1269e17322cff29018e9b8a8
[2016-10-26 17:16:42.051] [WARN] normal - GET /views/widget/admin/asider/asider.js.map?v=055a7cf91e9b4364bd27
[2016-10-26 17:16:42.194] [WARN] normal - GET /views/static/libs/js/sceditor/famfamfam.png?v=e19ba8401a83043d00d442c6d56e47db
[2016-10-26 17:16:42.203] [WARN] normal - GET /static/libs/js/sceditor/jquery.sceditor.default.min.css
[2016-10-26 17:16:42.287] [WARN] normal - GET /views/static/admin/addArticle/addArticle.js.map?v=055a7cf91e9b4364bd27
[2016-10-26 17:17:03.875] [WARN] normal - GET /admin/addArticle
[2016-10-26 17:17:04.022] [WARN] normal - GET /views/static/admin/addArticle/addArticle.css?v=f4cca30f34683491b464971ebfda3a3b
[2016-10-26 17:17:04.026] [WARN] normal - GET /views/widget/admin/header/header.css?v=a0ee8509f7193451760c2cfb432fd94c
[2016-10-26 17:17:04.027] [WARN] normal - GET /views/widget/admin/header/header.js?v=055a7cf91e9b4364bd27
[2016-10-26 17:17:04.028] [WARN] normal - GET /views/widget/admin/asider/asider.css?v=8c7d397f1269e17322cff29018e9b8a8
[2016-10-26 17:17:04.029] [WARN] normal - GET /views/widget/admin/asider/asider.js?v=055a7cf91e9b4364bd27
[2016-10-26 17:17:04.030] [WARN] normal - GET /views/static/admin/addArticle/addArticle.js?v=055a7cf91e9b4364bd27
[2016-10-26 17:17:04.068] [WARN] normal - GET /views/static/admin/addArticle/addArticle.css.map?v=f4cca30f34683491b464971ebfda3a3b
[2016-10-26 17:17:04.070] [WARN] normal - GET /views/widget/admin/header/header.css.map?v=a0ee8509f7193451760c2cfb432fd94c
[2016-10-26 17:17:04.071] [WARN] normal - GET /views/widget/admin/header/header.js.map?v=055a7cf91e9b4364bd27
[2016-10-26 17:17:04.073] [WARN] normal - GET /views/widget/admin/asider/asider.css.map?v=8c7d397f1269e17322cff29018e9b8a8
[2016-10-26 17:17:04.077] [WARN] normal - GET /views/widget/admin/asider/asider.js.map?v=055a7cf91e9b4364bd27
[2016-10-26 17:17:04.189] [WARN] normal - GET /views/static/libs/js/sceditor/famfamfam.png?v=e19ba8401a83043d00d442c6d56e47db
[2016-10-26 17:17:04.200] [WARN] normal - GET /static/libs/js/sceditor/jquery.sceditor.default.min.css
[2016-10-26 17:17:04.282] [WARN] normal - GET /views/static/admin/addArticle/addArticle.js.map?v=055a7cf91e9b4364bd27
[2016-10-26 17:17:08.125] [WARN] normal - GET /admin/addArticle
[2016-10-26 17:17:08.222] [WARN] normal - GET /views/static/admin/addArticle/addArticle.css?v=f4cca30f34683491b464971ebfda3a3b
[2016-10-26 17:17:08.223] [WARN] normal - GET /views/widget/admin/header/header.css?v=a0ee8509f7193451760c2cfb432fd94c
[2016-10-26 17:17:08.228] [WARN] normal - GET /views/widget/admin/header/header.js?v=055a7cf91e9b4364bd27
[2016-10-26 17:17:08.229] [WARN] normal - GET /views/widget/admin/asider/asider.css?v=8c7d397f1269e17322cff29018e9b8a8
[2016-10-26 17:17:08.232] [WARN] normal - GET /views/widget/admin/asider/asider.js?v=055a7cf91e9b4364bd27
[2016-10-26 17:17:08.235] [WARN] normal - GET /views/static/admin/addArticle/addArticle.js?v=055a7cf91e9b4364bd27
[2016-10-26 17:17:08.272] [WARN] normal - GET /views/static/admin/addArticle/addArticle.css.map?v=f4cca30f34683491b464971ebfda3a3b
[2016-10-26 17:17:08.273] [WARN] normal - GET /views/widget/admin/header/header.css.map?v=a0ee8509f7193451760c2cfb432fd94c
[2016-10-26 17:17:08.278] [WARN] normal - GET /views/widget/admin/header/header.js.map?v=055a7cf91e9b4364bd27
[2016-10-26 17:17:08.281] [WARN] normal - GET /views/widget/admin/asider/asider.css.map?v=8c7d397f1269e17322cff29018e9b8a8
[2016-10-26 17:17:08.284] [WARN] normal - GET /views/widget/admin/asider/asider.js.map?v=055a7cf91e9b4364bd27
[2016-10-26 17:17:08.418] [WARN] normal - GET /views/static/libs/js/sceditor/famfamfam.png?v=e19ba8401a83043d00d442c6d56e47db
[2016-10-26 17:17:08.437] [WARN] normal - GET /static/libs/js/sceditor/jquery.sceditor.default.min.css
[2016-10-26 17:17:08.514] [WARN] normal - GET /views/static/admin/addArticle/addArticle.js.map?v=055a7cf91e9b4364bd27
[2016-10-26 17:17:44.586] [WARN] normal - GET /admin/addArticle
[2016-10-26 17:17:44.717] [WARN] normal - GET /views/static/admin/addArticle/addArticle.css?v=f4cca30f34683491b464971ebfda3a3b
[2016-10-26 17:17:44.720] [WARN] normal - GET /views/widget/admin/header/header.css?v=a0ee8509f7193451760c2cfb432fd94c
[2016-10-26 17:17:44.721] [WARN] normal - GET /views/widget/admin/header/header.js?v=055a7cf91e9b4364bd27
[2016-10-26 17:17:44.724] [WARN] normal - GET /views/widget/admin/asider/asider.css?v=8c7d397f1269e17322cff29018e9b8a8
[2016-10-26 17:17:44.725] [WARN] normal - GET /views/widget/admin/asider/asider.js?v=055a7cf91e9b4364bd27
[2016-10-26 17:17:44.725] [WARN] normal - GET /views/static/admin/addArticle/addArticle.js?v=055a7cf91e9b4364bd27
[2016-10-26 17:17:44.746] [WARN] normal - GET /views/static/admin/addArticle/addArticle.css.map?v=f4cca30f34683491b464971ebfda3a3b
[2016-10-26 17:17:44.752] [WARN] normal - GET /views/widget/admin/header/header.css.map?v=a0ee8509f7193451760c2cfb432fd94c
[2016-10-26 17:17:44.753] [WARN] normal - GET /views/widget/admin/header/header.js.map?v=055a7cf91e9b4364bd27
[2016-10-26 17:17:44.756] [WARN] normal - GET /views/widget/admin/asider/asider.css.map?v=8c7d397f1269e17322cff29018e9b8a8
[2016-10-26 17:17:44.758] [WARN] normal - GET /views/widget/admin/asider/asider.js.map?v=055a7cf91e9b4364bd27
[2016-10-26 17:17:44.895] [WARN] normal - GET /views/static/libs/js/sceditor/famfamfam.png?v=e19ba8401a83043d00d442c6d56e47db
[2016-10-26 17:17:44.907] [WARN] normal - GET /static/libs/js/sceditor/jquery.sceditor.default.min.css
[2016-10-26 17:17:44.980] [WARN] normal - GET /views/static/admin/addArticle/addArticle.js.map?v=055a7cf91e9b4364bd27
[2016-10-26 17:17:49.446] [WARN] normal - GET /admin/addArticle
[2016-10-26 17:17:49.561] [WARN] normal - GET /views/static/admin/addArticle/addArticle.css?v=f4cca30f34683491b464971ebfda3a3b
[2016-10-26 17:17:49.562] [WARN] normal - GET /views/widget/admin/header/header.css?v=a0ee8509f7193451760c2cfb432fd94c
[2016-10-26 17:17:49.563] [WARN] normal - GET /views/widget/admin/header/header.js?v=055a7cf91e9b4364bd27
[2016-10-26 17:17:49.563] [WARN] normal - GET /views/widget/admin/asider/asider.css?v=8c7d397f1269e17322cff29018e9b8a8
[2016-10-26 17:17:49.577] [WARN] normal - GET /views/widget/admin/asider/asider.js?v=055a7cf91e9b4364bd27
[2016-10-26 17:17:49.579] [WARN] normal - GET /views/static/admin/addArticle/addArticle.js?v=055a7cf91e9b4364bd27
[2016-10-26 17:17:49.589] [WARN] normal - GET /views/static/admin/addArticle/addArticle.css.map?v=f4cca30f34683491b464971ebfda3a3b
[2016-10-26 17:17:49.590] [WARN] normal - GET /views/widget/admin/header/header.css.map?v=a0ee8509f7193451760c2cfb432fd94c
[2016-10-26 17:17:49.605] [WARN] normal - GET /views/widget/admin/header/header.js.map?v=055a7cf91e9b4364bd27
[2016-10-26 17:17:49.609] [WARN] normal - GET /views/widget/admin/asider/asider.css.map?v=8c7d397f1269e17322cff29018e9b8a8
[2016-10-26 17:17:49.611] [WARN] normal - GET /views/widget/admin/asider/asider.js.map?v=055a7cf91e9b4364bd27
[2016-10-26 17:17:49.748] [WARN] normal - GET /views/static/libs/js/sceditor/famfamfam.png?v=e19ba8401a83043d00d442c6d56e47db
[2016-10-26 17:17:49.758] [WARN] normal - GET /static/libs/js/sceditor/jquery.sceditor.default.min.css
[2016-10-26 17:17:49.830] [WARN] normal - GET /views/static/admin/addArticle/addArticle.js.map?v=055a7cf91e9b4364bd27
[2016-10-26 17:18:03.659] [WARN] normal - GET /
[2016-10-26 17:18:03.809] [INFO] normal - GET /views/static/index/index.css?v=cda1d0c0aaece0f01d064223336fff52
[2016-10-26 17:18:03.812] [INFO] normal - GET /views/static/index/index.js?v=055a7cf91e9b4364bd27
[2016-10-26 17:18:05.516] [WARN] normal - GET /views/static/index/index.css?v=cda1d0c0aaece0f01d064223336fff52
[2016-10-26 17:18:05.581] [INFO] normal - GET /views/static/index/index.js.map?v=055a7cf91e9b4364bd27
[2016-10-26 17:18:05.592] [INFO] normal - GET /views/static/index/index.css.map?v=cda1d0c0aaece0f01d064223336fff52
[2016-10-26 17:18:06.907] [WARN] normal - GET /
[2016-10-26 17:18:07.024] [WARN] normal - GET /views/static/index/index.css?v=cda1d0c0aaece0f01d064223336fff52
[2016-10-26 17:18:07.026] [WARN] normal - GET /views/static/index/index.js?v=055a7cf91e9b4364bd27
[2016-10-26 17:18:07.066] [WARN] normal - GET /views/static/index/index.css.map?v=cda1d0c0aaece0f01d064223336fff52
[2016-10-26 17:18:07.126] [WARN] normal - GET /views/static/index/index.js.map?v=055a7cf91e9b4364bd27
[2016-10-26 17:18:12.421] [WARN] normal - GET /admin/addArticle
[2016-10-26 17:18:12.529] [WARN] normal - GET /views/static/admin/addArticle/addArticle.css?v=f4cca30f34683491b464971ebfda3a3b
[2016-10-26 17:18:12.537] [WARN] normal - GET /views/widget/admin/header/header.css?v=a0ee8509f7193451760c2cfb432fd94c
[2016-10-26 17:18:12.543] [WARN] normal - GET /views/widget/admin/header/header.js?v=055a7cf91e9b4364bd27
[2016-10-26 17:18:12.551] [WARN] normal - GET /views/widget/admin/asider/asider.css?v=8c7d397f1269e17322cff29018e9b8a8
[2016-10-26 17:18:12.552] [WARN] normal - GET /views/widget/admin/asider/asider.js?v=055a7cf91e9b4364bd27
[2016-10-26 17:18:12.553] [WARN] normal - GET /views/static/admin/addArticle/addArticle.js?v=055a7cf91e9b4364bd27
[2016-10-26 17:18:12.634] [WARN] normal - GET /views/static/libs/css/iconfont/iconfont/iconfont.woff?v=8151e6c44a1192707254ca9de0908dae
[2016-10-26 17:18:12.838] [WARN] normal - GET /admin/addArticle
[2016-10-26 17:18:12.960] [WARN] normal - GET /views/static/admin/addArticle/addArticle.css?v=f4cca30f34683491b464971ebfda3a3b
[2016-10-26 17:18:12.960] [WARN] normal - GET /views/widget/admin/header/header.css?v=a0ee8509f7193451760c2cfb432fd94c
[2016-10-26 17:18:12.961] [WARN] normal - GET /views/widget/admin/header/header.js?v=055a7cf91e9b4364bd27
[2016-10-26 17:18:12.961] [WARN] normal - GET /views/widget/admin/asider/asider.css?v=8c7d397f1269e17322cff29018e9b8a8
[2016-10-26 17:18:12.968] [WARN] normal - GET /views/widget/admin/asider/asider.js?v=055a7cf91e9b4364bd27
[2016-10-26 17:18:12.972] [WARN] normal - GET /views/static/admin/addArticle/addArticle.js?v=055a7cf91e9b4364bd27
[2016-10-26 17:18:13.007] [WARN] normal - GET /views/static/admin/addArticle/addArticle.css.map?v=f4cca30f34683491b464971ebfda3a3b
[2016-10-26 17:18:13.015] [WARN] normal - GET /views/widget/admin/header/header.css.map?v=a0ee8509f7193451760c2cfb432fd94c
[2016-10-26 17:18:13.016] [WARN] normal - GET /views/widget/admin/header/header.js.map?v=055a7cf91e9b4364bd27
[2016-10-26 17:18:13.023] [WARN] normal - GET /views/widget/admin/asider/asider.css.map?v=8c7d397f1269e17322cff29018e9b8a8
[2016-10-26 17:18:13.026] [WARN] normal - GET /views/widget/admin/asider/asider.js.map?v=055a7cf91e9b4364bd27
[2016-10-26 17:18:13.114] [WARN] normal - GET /views/static/libs/css/iconfont/iconfont/iconfont.woff?v=8151e6c44a1192707254ca9de0908dae
[2016-10-26 17:18:13.308] [WARN] normal - GET /views/static/libs/js/sceditor/famfamfam.png?v=e19ba8401a83043d00d442c6d56e47db
[2016-10-26 17:18:13.324] [WARN] normal - GET /static/libs/js/sceditor/jquery.sceditor.default.min.css
[2016-10-26 17:18:13.401] [WARN] normal - GET /views/static/admin/addArticle/addArticle.js.map?v=055a7cf91e9b4364bd27
[2016-10-26 17:18:36.607] [WARN] normal - GET /admin/addArticle
[2016-10-26 17:18:36.706] [WARN] normal - GET /views/static/admin/addArticle/addArticle.css?v=f4cca30f34683491b464971ebfda3a3b
[2016-10-26 17:18:36.709] [WARN] normal - GET /views/widget/admin/header/header.css?v=a0ee8509f7193451760c2cfb432fd94c
[2016-10-26 17:18:36.711] [WARN] normal - GET /views/widget/admin/header/header.js?v=055a7cf91e9b4364bd27
[2016-10-26 17:18:36.712] [WARN] normal - GET /views/widget/admin/asider/asider.css?v=8c7d397f1269e17322cff29018e9b8a8
[2016-10-26 17:18:36.714] [WARN] normal - GET /views/widget/admin/asider/asider.js?v=055a7cf91e9b4364bd27
[2016-10-26 17:18:36.716] [WARN] normal - GET /views/static/admin/addArticle/addArticle.js?v=055a7cf91e9b4364bd27
[2016-10-26 17:18:36.780] [WARN] normal - GET /views/static/libs/css/iconfont/iconfont/iconfont.woff?v=8151e6c44a1192707254ca9de0908dae
[2016-10-26 17:18:36.956] [WARN] normal - GET /views/static/libs/js/sceditor/famfamfam.png?v=e19ba8401a83043d00d442c6d56e47db
[2016-10-26 17:18:36.969] [WARN] normal - GET /static/libs/js/sceditor/jquery.sceditor.default.min.css
[2016-10-26 17:18:37.362] [WARN] normal - GET /admin/addArticle
[2016-10-26 17:18:37.505] [WARN] normal - GET /views/static/admin/addArticle/addArticle.css?v=f4cca30f34683491b464971ebfda3a3b
[2016-10-26 17:18:37.506] [WARN] normal - GET /views/widget/admin/header/header.css?v=a0ee8509f7193451760c2cfb432fd94c
[2016-10-26 17:18:37.510] [WARN] normal - GET /views/widget/admin/header/header.js?v=055a7cf91e9b4364bd27
[2016-10-26 17:18:37.511] [WARN] normal - GET /views/widget/admin/asider/asider.css?v=8c7d397f1269e17322cff29018e9b8a8
[2016-10-26 17:18:37.513] [WARN] normal - GET /views/widget/admin/asider/asider.js?v=055a7cf91e9b4364bd27
[2016-10-26 17:18:37.515] [WARN] normal - GET /views/static/admin/addArticle/addArticle.js?v=055a7cf91e9b4364bd27
[2016-10-26 17:18:37.551] [WARN] normal - GET /views/static/admin/addArticle/addArticle.css.map?v=f4cca30f34683491b464971ebfda3a3b
[2016-10-26 17:18:37.556] [WARN] normal - GET /views/widget/admin/header/header.css.map?v=a0ee8509f7193451760c2cfb432fd94c
[2016-10-26 17:18:37.561] [WARN] normal - GET /views/widget/admin/header/header.js.map?v=055a7cf91e9b4364bd27
[2016-10-26 17:18:37.561] [WARN] normal - GET /views/widget/admin/asider/asider.css.map?v=8c7d397f1269e17322cff29018e9b8a8
[2016-10-26 17:18:37.577] [WARN] normal - GET /views/widget/admin/asider/asider.js.map?v=055a7cf91e9b4364bd27
[2016-10-26 17:18:37.719] [WARN] normal - GET /views/static/libs/js/sceditor/famfamfam.png?v=e19ba8401a83043d00d442c6d56e47db
[2016-10-26 17:18:37.730] [WARN] normal - GET /static/libs/js/sceditor/jquery.sceditor.default.min.css
[2016-10-26 17:18:37.803] [WARN] normal - GET /views/static/admin/addArticle/addArticle.js.map?v=055a7cf91e9b4364bd27
[2016-10-26 17:19:38.031] [WARN] normal - GET /admin/addArticle
[2016-10-26 17:19:38.197] [WARN] normal - GET /views/static/admin/addArticle/addArticle.css?v=f4cca30f34683491b464971ebfda3a3b
[2016-10-26 17:19:38.201] [WARN] normal - GET /views/widget/admin/header/header.css?v=a0ee8509f7193451760c2cfb432fd94c
[2016-10-26 17:19:38.202] [WARN] normal - GET /views/widget/admin/header/header.js?v=055a7cf91e9b4364bd27
[2016-10-26 17:19:38.202] [WARN] normal - GET /views/widget/admin/asider/asider.css?v=8c7d397f1269e17322cff29018e9b8a8
[2016-10-26 17:19:38.203] [WARN] normal - GET /views/widget/admin/asider/asider.js?v=055a7cf91e9b4364bd27
[2016-10-26 17:19:38.204] [WARN] normal - GET /views/static/admin/addArticle/addArticle.js?v=055a7cf91e9b4364bd27
[2016-10-26 17:19:38.220] [WARN] normal - GET /views/static/admin/addArticle/addArticle.css.map?v=f4cca30f34683491b464971ebfda3a3b
[2016-10-26 17:19:38.226] [WARN] normal - GET /views/widget/admin/header/header.css.map?v=a0ee8509f7193451760c2cfb432fd94c
[2016-10-26 17:19:38.229] [WARN] normal - GET /views/widget/admin/header/header.js.map?v=055a7cf91e9b4364bd27
[2016-10-26 17:19:38.237] [WARN] normal - GET /views/widget/admin/asider/asider.css.map?v=8c7d397f1269e17322cff29018e9b8a8
[2016-10-26 17:19:38.243] [WARN] normal - GET /views/widget/admin/asider/asider.js.map?v=055a7cf91e9b4364bd27
[2016-10-26 17:19:38.367] [WARN] normal - GET /views/static/libs/js/sceditor/famfamfam.png?v=e19ba8401a83043d00d442c6d56e47db
[2016-10-26 17:19:38.379] [WARN] normal - GET /static/libs/js/sceditor/jquery.sceditor.default.min.css
[2016-10-26 17:19:38.450] [WARN] normal - GET /views/static/admin/addArticle/addArticle.js.map?v=055a7cf91e9b4364bd27
[2016-10-26 17:19:46.263] [WARN] normal - GET /
[2016-10-26 17:19:46.394] [WARN] normal - GET /views/static/index/index.css?v=cda1d0c0aaece0f01d064223336fff52
[2016-10-26 17:19:46.395] [WARN] normal - GET /views/static/index/index.js?v=055a7cf91e9b4364bd27
[2016-10-26 17:19:46.439] [WARN] normal - GET /views/static/index/index.css.map?v=cda1d0c0aaece0f01d064223336fff52
[2016-10-26 17:19:46.498] [WARN] normal - GET /views/static/index/index.js.map?v=055a7cf91e9b4364bd27
[2016-10-26 17:19:47.744] [WARN] normal - GET /
[2016-10-26 17:19:47.853] [WARN] normal - GET /views/static/index/index.css?v=cda1d0c0aaece0f01d064223336fff52
[2016-10-26 17:19:47.854] [WARN] normal - GET /views/static/index/index.js?v=055a7cf91e9b4364bd27
[2016-10-26 17:19:47.873] [WARN] normal - GET /views/static/index/index.css.map?v=cda1d0c0aaece0f01d064223336fff52
[2016-10-26 17:19:47.934] [WARN] normal - GET /views/static/index/index.js.map?v=055a7cf91e9b4364bd27
[2016-10-26 17:19:50.383] [WARN] normal - GET /admin/addArticle
[2016-10-26 17:19:50.505] [WARN] normal - GET /views/static/admin/addArticle/addArticle.css?v=f4cca30f34683491b464971ebfda3a3b
[2016-10-26 17:19:50.510] [WARN] normal - GET /views/widget/admin/header/header.css?v=a0ee8509f7193451760c2cfb432fd94c
[2016-10-26 17:19:50.518] [WARN] normal - GET /views/widget/admin/header/header.js?v=055a7cf91e9b4364bd27
[2016-10-26 17:19:50.522] [WARN] normal - GET /views/widget/admin/asider/asider.css?v=8c7d397f1269e17322cff29018e9b8a8
[2016-10-26 17:19:50.529] [WARN] normal - GET /views/widget/admin/asider/asider.js?v=055a7cf91e9b4364bd27
[2016-10-26 17:19:50.534] [WARN] normal - GET /views/static/admin/addArticle/addArticle.js?v=055a7cf91e9b4364bd27
[2016-10-26 17:19:50.618] [WARN] normal - GET /views/static/libs/css/iconfont/iconfont/iconfont.woff?v=8151e6c44a1192707254ca9de0908dae
[2016-10-26 17:19:50.824] [WARN] normal - GET /admin/addArticle
[2016-10-26 17:19:50.938] [WARN] normal - GET /views/static/admin/addArticle/addArticle.css?v=f4cca30f34683491b464971ebfda3a3b
[2016-10-26 17:19:50.948] [WARN] normal - GET /views/widget/admin/header/header.css?v=a0ee8509f7193451760c2cfb432fd94c
[2016-10-26 17:19:50.949] [WARN] normal - GET /views/widget/admin/header/header.js?v=055a7cf91e9b4364bd27
[2016-10-26 17:19:50.951] [WARN] normal - GET /views/widget/admin/asider/asider.css?v=8c7d397f1269e17322cff29018e9b8a8
[2016-10-26 17:19:50.955] [WARN] normal - GET /views/widget/admin/asider/asider.js?v=055a7cf91e9b4364bd27
[2016-10-26 17:19:50.959] [WARN] normal - GET /views/static/admin/addArticle/addArticle.js?v=055a7cf91e9b4364bd27
[2016-10-26 17:19:50.988] [WARN] normal - GET /views/static/admin/addArticle/addArticle.css.map?v=f4cca30f34683491b464971ebfda3a3b
[2016-10-26 17:19:50.989] [WARN] normal - GET /views/widget/admin/header/header.css.map?v=a0ee8509f7193451760c2cfb432fd94c
[2016-10-26 17:19:50.996] [WARN] normal - GET /views/widget/admin/header/header.js.map?v=055a7cf91e9b4364bd27
[2016-10-26 17:19:50.997] [WARN] normal - GET /views/widget/admin/asider/asider.css.map?v=8c7d397f1269e17322cff29018e9b8a8
[2016-10-26 17:19:51.003] [WARN] normal - GET /views/widget/admin/asider/asider.js.map?v=055a7cf91e9b4364bd27
[2016-10-26 17:19:51.131] [WARN] normal - GET /views/static/libs/js/sceditor/famfamfam.png?v=e19ba8401a83043d00d442c6d56e47db
[2016-10-26 17:19:51.142] [WARN] normal - GET /static/libs/js/sceditor/jquery.sceditor.default.min.css
[2016-10-26 17:19:51.219] [WARN] normal - GET /views/static/admin/addArticle/addArticle.js.map?v=055a7cf91e9b4364bd27
[2016-10-26 17:20:07.761] [WARN] normal - GET /admin/addArticle
[2016-10-26 17:20:07.853] [WARN] normal - GET /views/static/admin/addArticle/addArticle.css?v=f4cca30f34683491b464971ebfda3a3b
[2016-10-26 17:20:07.854] [WARN] normal - GET /views/widget/admin/header/header.js?v=055a7cf91e9b4364bd27
[2016-10-26 17:20:07.855] [WARN] normal - GET /views/widget/admin/asider/asider.css?v=8c7d397f1269e17322cff29018e9b8a8
[2016-10-26 17:20:07.856] [WARN] normal - GET /views/widget/admin/asider/asider.js?v=055a7cf91e9b4364bd27
[2016-10-26 17:20:07.857] [WARN] normal - GET /views/widget/admin/header/header.css?v=a0ee8509f7193451760c2cfb432fd94c
[2016-10-26 17:20:07.857] [WARN] normal - GET /views/static/admin/addArticle/addArticle.js?v=055a7cf91e9b4364bd27
[2016-10-26 17:20:07.923] [WARN] normal - GET /views/static/libs/css/iconfont/iconfont/iconfont.woff?v=8151e6c44a1192707254ca9de0908dae
[2016-10-26 17:20:08.092] [WARN] normal - GET /views/static/libs/js/sceditor/famfamfam.png?v=e19ba8401a83043d00d442c6d56e47db
[2016-10-26 17:20:08.104] [WARN] normal - GET /static/libs/js/sceditor/jquery.sceditor.default.min.css
[2016-10-26 17:20:08.560] [WARN] normal - GET /admin/addArticle
[2016-10-26 17:20:08.661] [WARN] normal - GET /views/static/admin/addArticle/addArticle.css?v=f4cca30f34683491b464971ebfda3a3b
[2016-10-26 17:20:08.662] [WARN] normal - GET /views/widget/admin/header/header.css?v=a0ee8509f7193451760c2cfb432fd94c
[2016-10-26 17:20:08.669] [WARN] normal - GET /views/widget/admin/header/header.js?v=055a7cf91e9b4364bd27
[2016-10-26 17:20:08.670] [WARN] normal - GET /views/widget/admin/asider/asider.css?v=8c7d397f1269e17322cff29018e9b8a8
[2016-10-26 17:20:08.676] [WARN] normal - GET /views/widget/admin/asider/asider.js?v=055a7cf91e9b4364bd27
[2016-10-26 17:20:08.679] [WARN] normal - GET /views/static/admin/addArticle/addArticle.js?v=055a7cf91e9b4364bd27
[2016-10-26 17:20:08.699] [WARN] normal - GET /views/static/admin/addArticle/addArticle.css.map?v=f4cca30f34683491b464971ebfda3a3b
[2016-10-26 17:20:08.706] [WARN] normal - GET /views/widget/admin/header/header.css.map?v=a0ee8509f7193451760c2cfb432fd94c
[2016-10-26 17:20:08.707] [WARN] normal - GET /views/widget/admin/header/header.js.map?v=055a7cf91e9b4364bd27
[2016-10-26 17:20:08.708] [WARN] normal - GET /views/widget/admin/asider/asider.css.map?v=8c7d397f1269e17322cff29018e9b8a8
[2016-10-26 17:20:08.713] [WARN] normal - GET /views/widget/admin/asider/asider.js.map?v=055a7cf91e9b4364bd27
[2016-10-26 17:20:08.841] [WARN] normal - GET /views/static/libs/js/sceditor/famfamfam.png?v=e19ba8401a83043d00d442c6d56e47db
[2016-10-26 17:20:08.853] [WARN] normal - GET /static/libs/js/sceditor/jquery.sceditor.default.min.css
[2016-10-26 17:20:08.914] [WARN] normal - GET /views/static/admin/addArticle/addArticle.js.map?v=055a7cf91e9b4364bd27
[2016-10-26 17:21:13.939] [WARN] normal - GET /admin/addArticle
[2016-10-26 17:21:14.088] [INFO] normal - GET /views/static/admin/addArticle/addArticle.css?v=f4cca30f34683491b464971ebfda3a3b
[2016-10-26 17:21:14.092] [INFO] normal - GET /views/widget/admin/asider/asider.css?v=8c7d397f1269e17322cff29018e9b8a8
[2016-10-26 17:21:14.092] [INFO] normal - GET /views/widget/admin/header/header.css?v=a0ee8509f7193451760c2cfb432fd94c
[2016-10-26 17:21:14.093] [INFO] normal - GET /views/widget/admin/header/header.js?v=055a7cf91e9b4364bd27
[2016-10-26 17:21:14.095] [INFO] normal - GET /views/widget/admin/asider/asider.js?v=055a7cf91e9b4364bd27
[2016-10-26 17:21:14.103] [INFO] normal - GET /views/static/admin/addArticle/addArticle.js?v=055a7cf91e9b4364bd27
[2016-10-26 17:21:14.126] [INFO] normal - GET /views/static/admin/addArticle/addArticle.css.map?v=f4cca30f34683491b464971ebfda3a3b
[2016-10-26 17:21:14.127] [INFO] normal - GET /views/widget/admin/header/header.css.map?v=a0ee8509f7193451760c2cfb432fd94c
[2016-10-26 17:21:14.135] [INFO] normal - GET /views/widget/admin/header/header.js.map?v=055a7cf91e9b4364bd27
[2016-10-26 17:21:14.137] [INFO] normal - GET /views/widget/admin/asider/asider.css.map?v=8c7d397f1269e17322cff29018e9b8a8
[2016-10-26 17:21:14.145] [INFO] normal - GET /views/widget/admin/asider/asider.js.map?v=055a7cf91e9b4364bd27
[2016-10-26 17:21:14.217] [INFO] normal - GET /views/static/libs/css/iconfont/iconfont/iconfont.woff?v=8151e6c44a1192707254ca9de0908dae
[2016-10-26 17:21:14.301] [INFO] normal - GET /views/static/libs/js/sceditor/famfamfam.png?v=e19ba8401a83043d00d442c6d56e47db
[2016-10-26 17:21:14.315] [INFO] normal - GET /static/libs/js/sceditor/jquery.sceditor.default.min.css
[2016-10-26 17:21:14.427] [INFO] normal - GET /views/static/admin/addArticle/addArticle.js.map?v=055a7cf91e9b4364bd27
[2016-10-26 17:21:26.195] [INFO] normal - GET /admin/addArticle
[2016-10-26 17:21:26.347] [INFO] normal - GET /views/static/admin/addArticle/addArticle.css?v=f4cca30f34683491b464971ebfda3a3b
[2016-10-26 17:21:26.348] [INFO] normal - GET /views/widget/admin/header/header.css?v=a0ee8509f7193451760c2cfb432fd94c
[2016-10-26 17:21:26.351] [INFO] normal - GET /views/widget/admin/header/header.js?v=055a7cf91e9b4364bd27
[2016-10-26 17:21:26.354] [INFO] normal - GET /views/widget/admin/asider/asider.css?v=8c7d397f1269e17322cff29018e9b8a8
[2016-10-26 17:21:26.356] [INFO] normal - GET /views/widget/admin/asider/asider.js?v=055a7cf91e9b4364bd27
[2016-10-26 17:21:26.368] [INFO] normal - GET /views/static/admin/addArticle/addArticle.js?v=055a7cf91e9b4364bd27
[2016-10-26 17:21:26.416] [INFO] normal - GET /views/static/admin/addArticle/addArticle.css.map?v=f4cca30f34683491b464971ebfda3a3b
[2016-10-26 17:21:26.417] [INFO] normal - GET /views/widget/admin/header/header.css.map?v=a0ee8509f7193451760c2cfb432fd94c
[2016-10-26 17:21:26.426] [INFO] normal - GET /views/widget/admin/header/header.js.map?v=055a7cf91e9b4364bd27
[2016-10-26 17:21:26.427] [INFO] normal - GET /views/widget/admin/asider/asider.css.map?v=8c7d397f1269e17322cff29018e9b8a8
[2016-10-26 17:21:26.430] [INFO] normal - GET /views/widget/admin/asider/asider.js.map?v=055a7cf91e9b4364bd27
[2016-10-26 17:21:26.432] [INFO] normal - GET /views/static/libs/css/iconfont/iconfont/iconfont.woff?v=8151e6c44a1192707254ca9de0908dae
[2016-10-26 17:21:26.599] [INFO] normal - GET /views/static/libs/js/sceditor/famfamfam.png?v=e19ba8401a83043d00d442c6d56e47db
[2016-10-26 17:21:26.612] [INFO] normal - GET /static/libs/js/sceditor/jquery.sceditor.default.min.css
[2016-10-26 17:21:26.733] [INFO] normal - GET /views/static/admin/addArticle/addArticle.js.map?v=055a7cf91e9b4364bd27
[2016-10-26 17:21:34.462] [INFO] normal - GET /awesome
[2016-10-26 17:21:57.571] [WARN] normal - GET /awesome
[2016-10-26 17:22:12.455] [INFO] normal - GET /awesome
[2016-10-26 17:22:20.356] [ERROR] normal - GET /awesome?a=1
[2016-10-26 17:22:47.387] [INFO] normal - GET /awesome?a=1
[2016-10-26 17:22:47.511] [INFO] normal - GET /views/widget/admin/header/header.css?v=a0ee8509f7193451760c2cfb432fd94c
[2016-10-26 17:22:47.514] [INFO] normal - GET /views/static/admin/addArticle/addArticle.css?v=f4cca30f34683491b464971ebfda3a3b
[2016-10-26 17:22:47.522] [INFO] normal - GET /views/widget/admin/header/header.js?v=055a7cf91e9b4364bd27
[2016-10-26 17:22:47.523] [INFO] normal - GET /views/widget/admin/asider/asider.js?v=055a7cf91e9b4364bd27
[2016-10-26 17:22:47.524] [INFO] normal - GET /views/widget/admin/asider/asider.css?v=8c7d397f1269e17322cff29018e9b8a8
[2016-10-26 17:22:47.529] [INFO] normal - GET /views/static/admin/addArticle/addArticle.js?v=055a7cf91e9b4364bd27
[2016-10-26 17:22:47.555] [INFO] normal - GET /views/static/admin/addArticle/addArticle.css.map?v=f4cca30f34683491b464971ebfda3a3b
[2016-10-26 17:22:47.556] [INFO] normal - GET /views/widget/admin/header/header.css.map?v=a0ee8509f7193451760c2cfb432fd94c
[2016-10-26 17:22:47.566] [INFO] normal - GET /views/static/libs/css/iconfont/iconfont/iconfont.woff?v=8151e6c44a1192707254ca9de0908dae
[2016-10-26 17:22:47.568] [INFO] normal - GET /views/widget/admin/header/header.js.map?v=055a7cf91e9b4364bd27
[2016-10-26 17:22:47.568] [INFO] normal - GET /views/widget/admin/asider/asider.css.map?v=8c7d397f1269e17322cff29018e9b8a8
[2016-10-26 17:22:47.654] [INFO] normal - GET /views/widget/admin/asider/asider.js.map?v=055a7cf91e9b4364bd27
[2016-10-26 17:22:47.676] [INFO] normal - GET /views/static/admin/addArticle/addArticle.js.map?v=055a7cf91e9b4364bd27
[2016-10-26 17:23:01.895] [ERROR] normal - GET /awesome?a=1
[2016-10-26 17:23:51.509] [ERROR] normal - GET /awesome?a=1
[2016-10-26 17:56:26.846] [ERROR] normal - GET /awesome?a=1
[2016-10-26 17:56:29.197] [ERROR] normal - GET /awesome?a=1
[2016-10-26 17:57:48.754] [INFO] normal - GET /
[2016-10-26 17:57:48.875] [INFO] normal - GET /views/static/index/index.css?v=cda1d0c0aaece0f01d064223336fff52
[2016-10-26 17:57:48.878] [INFO] normal - GET /views/static/index/index.js?v=055a7cf91e9b4364bd27
[2016-10-26 17:57:48.910] [INFO] normal - GET /views/static/index/index.css.map?v=cda1d0c0aaece0f01d064223336fff52
[2016-10-26 17:57:48.972] [INFO] normal - GET /views/static/index/index.js.map?v=055a7cf91e9b4364bd27
[2016-10-26 17:58:14.418] [INFO] normal - GET /admin/addArticle
[2016-10-26 17:58:14.538] [INFO] normal - GET /views/static/admin/addArticle/addArticle.css?v=f4cca30f34683491b464971ebfda3a3b
[2016-10-26 17:58:14.540] [INFO] normal - GET /views/widget/admin/header/header.css?v=a0ee8509f7193451760c2cfb432fd94c
[2016-10-26 17:58:14.542] [INFO] normal - GET /views/widget/admin/header/header.js?v=055a7cf91e9b4364bd27
[2016-10-26 17:58:14.566] [INFO] normal - GET /views/widget/admin/asider/asider.css?v=8c7d397f1269e17322cff29018e9b8a8
[2016-10-26 17:58:14.574] [INFO] normal - GET /views/widget/admin/asider/asider.js?v=055a7cf91e9b4364bd27
[2016-10-26 17:58:14.587] [INFO] normal - GET /views/static/admin/addArticle/addArticle.css.map?v=f4cca30f34683491b464971ebfda3a3b
[2016-10-26 17:58:14.592] [INFO] normal - GET /views/widget/admin/header/header.css.map?v=a0ee8509f7193451760c2cfb432fd94c
[2016-10-26 17:58:14.594] [INFO] normal - GET /views/widget/admin/header/header.js.map?v=055a7cf91e9b4364bd27
[2016-10-26 17:58:14.607] [INFO] normal - GET /views/static/admin/addArticle/addArticle.js?v=055a7cf91e9b4364bd27
[2016-10-26 17:58:14.633] [INFO] normal - GET /views/widget/admin/asider/asider.css.map?v=8c7d397f1269e17322cff29018e9b8a8
[2016-10-26 17:58:14.638] [INFO] normal - GET /views/static/libs/css/iconfont/iconfont/iconfont.woff?v=8151e6c44a1192707254ca9de0908dae
[2016-10-26 17:58:14.644] [INFO] normal - GET /views/widget/admin/asider/asider.js.map?v=055a7cf91e9b4364bd27
[2016-10-26 17:58:14.778] [INFO] normal - GET /views/static/libs/js/sceditor/famfamfam.png?v=e19ba8401a83043d00d442c6d56e47db
[2016-10-26 17:58:14.790] [INFO] normal - GET /static/libs/js/sceditor/jquery.sceditor.default.min.css
[2016-10-26 17:58:14.921] [INFO] normal - GET /views/static/admin/addArticle/addArticle.js.map?v=055a7cf91e9b4364bd27
[2016-10-26 17:58:40.149] [WARN] normal - GET /admin/addArticle
[2016-10-26 17:58:40.300] [WARN] normal - GET /views/static/admin/addArticle/addArticle.css?v=f4cca30f34683491b464971ebfda3a3b
[2016-10-26 17:58:40.301] [WARN] normal - GET /views/widget/admin/header/header.css?v=a0ee8509f7193451760c2cfb432fd94c
[2016-10-26 17:58:40.302] [WARN] normal - GET /views/widget/admin/header/header.js?v=055a7cf91e9b4364bd27
[2016-10-26 17:58:40.303] [WARN] normal - GET /views/widget/admin/asider/asider.css?v=8c7d397f1269e17322cff29018e9b8a8
[2016-10-26 17:58:40.304] [WARN] normal - GET /views/widget/admin/asider/asider.js?v=055a7cf91e9b4364bd27
[2016-10-26 17:58:40.305] [WARN] normal - GET /views/static/admin/addArticle/addArticle.js?v=055a7cf91e9b4364bd27
[2016-10-26 17:58:40.360] [WARN] normal - GET /views/static/admin/addArticle/addArticle.css.map?v=f4cca30f34683491b464971ebfda3a3b
[2016-10-26 17:58:40.362] [WARN] normal - GET /views/widget/admin/header/header.css.map?v=a0ee8509f7193451760c2cfb432fd94c
[2016-10-26 17:58:40.362] [WARN] normal - GET /views/widget/admin/header/header.js.map?v=055a7cf91e9b4364bd27
[2016-10-26 17:58:40.363] [WARN] normal - GET /views/widget/admin/asider/asider.css.map?v=8c7d397f1269e17322cff29018e9b8a8
[2016-10-26 17:58:40.364] [WARN] normal - GET /views/widget/admin/asider/asider.js.map?v=055a7cf91e9b4364bd27
[2016-10-26 17:58:40.511] [WARN] normal - GET /views/static/libs/js/sceditor/famfamfam.png?v=e19ba8401a83043d00d442c6d56e47db
[2016-10-26 17:58:40.523] [WARN] normal - GET /static/libs/js/sceditor/jquery.sceditor.default.min.css
[2016-10-26 17:58:40.603] [WARN] normal - GET /views/static/admin/addArticle/addArticle.js.map?v=055a7cf91e9b4364bd27
[2016-10-26 17:58:42.205] [WARN] normal - GET /admin/addArticle
[2016-10-26 17:58:42.305] [WARN] normal - GET /views/static/admin/addArticle/addArticle.css?v=f4cca30f34683491b464971ebfda3a3b
[2016-10-26 17:58:42.306] [WARN] normal - GET /views/widget/admin/header/header.css?v=a0ee8509f7193451760c2cfb432fd94c
[2016-10-26 17:58:42.307] [WARN] normal - GET /views/widget/admin/header/header.js?v=055a7cf91e9b4364bd27
[2016-10-26 17:58:42.310] [WARN] normal - GET /views/widget/admin/asider/asider.css?v=8c7d397f1269e17322cff29018e9b8a8
[2016-10-26 17:58:42.313] [WARN] normal - GET /views/widget/admin/asider/asider.js?v=055a7cf91e9b4364bd27
[2016-10-26 17:58:42.314] [WARN] normal - GET /views/static/admin/addArticle/addArticle.js?v=055a7cf91e9b4364bd27
[2016-10-26 17:58:42.366] [WARN] normal - GET /views/static/admin/addArticle/addArticle.css.map?v=f4cca30f34683491b464971ebfda3a3b
[2016-10-26 17:58:42.367] [WARN] normal - GET /views/widget/admin/header/header.css.map?v=a0ee8509f7193451760c2cfb432fd94c
[2016-10-26 17:58:42.371] [WARN] normal - GET /views/widget/admin/header/header.js.map?v=055a7cf91e9b4364bd27
[2016-10-26 17:58:42.371] [WARN] normal - GET /views/widget/admin/asider/asider.css.map?v=8c7d397f1269e17322cff29018e9b8a8
[2016-10-26 17:58:42.372] [WARN] normal - GET /views/widget/admin/asider/asider.js.map?v=055a7cf91e9b4364bd27
[2016-10-26 17:58:42.507] [WARN] normal - GET /views/static/libs/js/sceditor/famfamfam.png?v=e19ba8401a83043d00d442c6d56e47db
[2016-10-26 17:58:42.518] [WARN] normal - GET /static/libs/js/sceditor/jquery.sceditor.default.min.css
[2016-10-26 17:58:42.594] [WARN] normal - GET /views/static/admin/addArticle/addArticle.js.map?v=055a7cf91e9b4364bd27
[2016-10-26 17:58:56.336] [WARN] normal - GET /admin/addArticle
[2016-10-26 17:58:56.446] [WARN] normal - GET /views/static/admin/addArticle/addArticle.css?v=f4cca30f34683491b464971ebfda3a3b
[2016-10-26 17:58:56.447] [WARN] normal - GET /views/widget/admin/header/header.css?v=a0ee8509f7193451760c2cfb432fd94c
[2016-10-26 17:58:56.448] [WARN] normal - GET /views/widget/admin/header/header.js?v=055a7cf91e9b4364bd27
[2016-10-26 17:58:56.453] [WARN] normal - GET /views/widget/admin/asider/asider.css?v=8c7d397f1269e17322cff29018e9b8a8
[2016-10-26 17:58:56.458] [WARN] normal - GET /views/widget/admin/asider/asider.js?v=055a7cf91e9b4364bd27
[2016-10-26 17:58:56.459] [WARN] normal - GET /views/static/admin/addArticle/addArticle.js?v=055a7cf91e9b4364bd27
[2016-10-26 17:58:56.468] [WARN] normal - GET /views/static/admin/addArticle/addArticle.css.map?v=f4cca30f34683491b464971ebfda3a3b
[2016-10-26 17:58:56.469] [WARN] normal - GET /views/widget/admin/header/header.css.map?v=a0ee8509f7193451760c2cfb432fd94c
[2016-10-26 17:58:56.477] [WARN] normal - GET /views/widget/admin/header/header.js.map?v=055a7cf91e9b4364bd27
[2016-10-26 17:58:56.487] [WARN] normal - GET /views/widget/admin/asider/asider.css.map?v=8c7d397f1269e17322cff29018e9b8a8
[2016-10-26 17:58:56.493] [WARN] normal - GET /views/widget/admin/asider/asider.js.map?v=055a7cf91e9b4364bd27
[2016-10-26 17:58:56.617] [WARN] normal - GET /views/static/libs/js/sceditor/famfamfam.png?v=e19ba8401a83043d00d442c6d56e47db
[2016-10-26 17:58:56.631] [WARN] normal - GET /static/libs/js/sceditor/jquery.sceditor.default.min.css
[2016-10-26 17:58:56.710] [WARN] normal - GET /views/static/admin/addArticle/addArticle.js.map?v=055a7cf91e9b4364bd27
[2016-10-26 17:59:09.948] [WARN] normal - GET /admin/addArticle
[2016-10-26 17:59:10.068] [WARN] normal - GET /views/static/admin/addArticle/addArticle.css?v=f4cca30f34683491b464971ebfda3a3b
[2016-10-26 17:59:10.075] [WARN] normal - GET /views/widget/admin/header/header.css?v=a0ee8509f7193451760c2cfb432fd94c
[2016-10-26 17:59:10.080] [WARN] normal - GET /views/widget/admin/header/header.js?v=055a7cf91e9b4364bd27
[2016-10-26 17:59:10.080] [WARN] normal - GET /views/widget/admin/asider/asider.css?v=8c7d397f1269e17322cff29018e9b8a8
[2016-10-26 17:59:10.082] [WARN] normal - GET /views/widget/admin/asider/asider.js?v=055a7cf91e9b4364bd27
[2016-10-26 17:59:10.083] [WARN] normal - GET /views/static/admin/addArticle/addArticle.js?v=055a7cf91e9b4364bd27
[2016-10-26 17:59:10.103] [WARN] normal - GET /views/static/admin/addArticle/addArticle.css.map?v=f4cca30f34683491b464971ebfda3a3b
[2016-10-26 17:59:10.105] [WARN] normal - GET /views/widget/admin/header/header.css.map?v=a0ee8509f7193451760c2cfb432fd94c
[2016-10-26 17:59:10.109] [WARN] normal - GET /views/widget/admin/header/header.js.map?v=055a7cf91e9b4364bd27
[2016-10-26 17:59:10.116] [WARN] normal - GET /views/widget/admin/asider/asider.css.map?v=8c7d397f1269e17322cff29018e9b8a8
[2016-10-26 17:59:10.129] [WARN] normal - GET /views/widget/admin/asider/asider.js.map?v=055a7cf91e9b4364bd27
[2016-10-26 17:59:10.247] [WARN] normal - GET /views/static/libs/js/sceditor/famfamfam.png?v=e19ba8401a83043d00d442c6d56e47db
[2016-10-26 17:59:10.259] [WARN] normal - GET /static/libs/js/sceditor/jquery.sceditor.default.min.css
[2016-10-26 17:59:10.360] [WARN] normal - GET /views/static/admin/addArticle/addArticle.js.map?v=055a7cf91e9b4364bd27
[2016-10-26 17:59:47.165] [WARN] normal - GET /
[2016-10-26 17:59:47.292] [WARN] normal - GET /views/static/index/index.css?v=cda1d0c0aaece0f01d064223336fff52
[2016-10-26 17:59:47.293] [WARN] normal - GET /views/static/index/index.js?v=055a7cf91e9b4364bd27
[2016-10-26 17:59:47.323] [WARN] normal - GET /views/static/index/index.css.map?v=cda1d0c0aaece0f01d064223336fff52
[2016-10-26 17:59:47.389] [WARN] normal - GET /views/static/index/index.js.map?v=055a7cf91e9b4364bd27
[2016-10-26 18:00:55.588] [WARN] normal - GET /views/widget/admin/header/header.js.map?v=055a7cf91e9b4364bd27
[2016-10-26 18:00:55.590] [WARN] normal - GET /views/static/admin/addArticle/addArticle.css.map?v=f4cca30f34683491b464971ebfda3a3b
[2016-10-26 18:00:55.592] [WARN] normal - GET /views/widget/admin/header/header.css.map?v=a0ee8509f7193451760c2cfb432fd94c
[2016-10-26 18:00:55.596] [WARN] normal - GET /views/widget/admin/asider/asider.css.map?v=8c7d397f1269e17322cff29018e9b8a8
[2016-10-26 18:00:55.857] [WARN] normal - GET /views/widget/admin/asider/asider.js.map?v=055a7cf91e9b4364bd27
[2016-10-26 18:00:55.859] [WARN] normal - GET /views/static/admin/addArticle/addArticle.js.map?v=055a7cf91e9b4364bd27
